\BOOKMARK [1][-]{section.1}{\376\377\006\105\006\106\006\050\006\071\000\040\006\057\006\102\006\314\006\102\000\040\006\057\006\047\006\057\006\107}{}% 1
\BOOKMARK [2][-]{subsection.1.1}{\376\377\000s\000t\000o\000c\000k\000-\000t\000w\000e\000e\000t\000-\000s\000e\000n\000t\000i\000m\000e\000n\000t\000-\000d\000a\000t\000a\000s\000e\000t}{section.1}% 2
\BOOKMARK [2][-]{subsection.1.2}{\376\377\000s\000t\000o\000c\000k\000-\000m\000a\000r\000k\000e\000t\000-\000t\000w\000e\000e\000t\000s}{section.1}% 3
\BOOKMARK [2][-]{subsection.1.3}{\376\377\000s\000t\000o\000c\000k\000s\000-\000w\000i\000t\000h\000-\000s\000e\000n\000t\000i\000m\000e\000n\000t\000-\000a\000n\000d\000-\000e\000m\000o\000t\000i\000o\000n\000-\000a\000n\000a\000l\000y\000s\000i\000s\000t}{section.1}% 4
\BOOKMARK [2][-]{subsection.1.4}{\376\377\000c\000r\000y\000p\000t\000o\000c\000u\000r\000r\000e\000n\000c\000y\000-\000t\000w\000e\000e\000t\000s\000-\000w\000i\000t\000h\000-\000s\000e\000n\000t\000i\000m\000e\000n\000t\000-\000a\000n\000a\000l\000y\000s\000i\000s\000t}{section.1}% 5
\BOOKMARK [1][-]{section.2}{\376\377\006\061\006\110\006\064\000\040\006\054\006\105\006\071\040\014\006\042\006\110\006\061\006\314\000\040\006\110\000\040\006\047\006\050\006\062\006\047\006\061\000\040\006\105\006\110\006\061\006\057\006\047\006\063\006\052\006\101\006\047\006\057\006\107}{}% 6
\BOOKMARK [1][-]{section.3}{\376\377\006\101\006\061\006\105\006\052\000\040\006\057\006\047\006\057\006\107\040\014\006\107\006\047}{}% 7
\BOOKMARK [1][-]{section.4}{\376\377\006\176\006\314\006\064\040\014\006\176\006\061\006\057\006\047\006\062\040\014\006\064\040\014\006\107\006\047\006\314\000\040\006\047\006\106\006\054\006\047\006\105\040\014\006\064\006\057\006\107}{}% 8
\BOOKMARK [2][-]{subsection.4.1}{\376\377\006\061\006\110\006\064\000/\006\047\006\050\006\062\006\047\006\061\000\040\006\052\006\101\006\251\006\314\006\251\000\040\006\054\006\105\006\104\006\047\006\052}{section.4}% 9
\BOOKMARK [2][-]{subsection.4.2}{\376\377\006\061\006\110\006\064\000/\006\047\006\050\006\062\006\047\006\061\000\040\006\052\006\101\006\251\006\314\006\251\000\040\006\052\006\110\006\251\006\106\040\014\006\107\006\047\000/\006\251\006\104\006\105\006\047\006\052}{section.4}% 10
\BOOKMARK [2][-]{subsection.4.3}{\376\377\006\061\006\110\006\064\000/\006\105\006\071\006\314\006\047\006\061\006\107\006\047\006\314\000\040\006\052\006\105\006\314\006\062\006\251\006\061\006\057\006\106\000\040\006\057\006\047\006\057\006\107}{section.4}% 11
\BOOKMARK [3][-]{subsubsection.4.3.1}{\376\377\006\055\006\060\006\101\000\040\006\251\006\047\006\061\006\047\006\251\006\052\006\061\000\040\006\107\006\047\006\314\000\040\006\072\006\314\006\061\000\040\006\104\006\047\006\052\006\314\006\106}{subsection.4.3}% 12
\BOOKMARK [3][-]{subsubsection.4.3.2}{\376\377\006\055\006\060\006\101\000\040\006\251\006\104\006\105\006\047\006\052\000\040\006\176\006\047\006\104\006\047\006\314\006\064\006\314\000\040\000\050\000s\000t\000o\000p\000w\000o\000r\000d\000s\000\051}{subsection.4.3}% 13
\BOOKMARK [3][-]{subsubsection.4.3.3}{\376\377\006\055\006\060\006\101\000\040\006\251\006\061\006\057\006\106\000\040\000\050\000m\000e\000n\000t\000i\000o\000n\000\040\006\107\006\047\000\051}{subsection.4.3}% 14
\BOOKMARK [3][-]{subsubsection.4.3.4}{\376\377\006\055\006\060\006\101\000\040\000\050\000u\000r\000l\000s\000\051}{subsection.4.3}% 15
\BOOKMARK [3][-]{subsubsection.4.3.5}{\376\377\006\055\006\060\006\101\000\040\006\047\006\071\006\057\006\047\006\057\000\040\006\110\000\040\006\071\006\104\006\047\006\046\006\105\000\040\006\106\006\064\006\047\006\106\006\107\000\040\006\257\006\060\006\047\006\061\006\314\000\040\000\050\000p\000u\000n\000c\000t\000a\000t\000i\000o\000n\000s\000\051}{subsection.4.3}% 16
\BOOKMARK [3][-]{subsubsection.4.3.6}{\376\377\006\052\006\050\006\057\006\314\006\104\000\040\006\251\006\104\006\105\006\047\006\052\000\040\006\050\006\107\000\040\000l\000o\000w\000e\000r\000c\000a\000s\000e}{subsection.4.3}% 17
\BOOKMARK [2][-]{subsection.4.4}{\376\377\006\047\006\106\006\057\006\047\006\062\006\107\000\040\006\057\006\047\006\057\006\107\000\040\006\102\006\050\006\104\000/\006\050\006\071\006\057\000\040\006\052\006\105\006\314\006\062\006\251\006\061\006\057\006\106\000\040\006\057\006\047\006\057\006\107}{section.4}% 18
\BOOKMARK [1][-]{section.5}{\376\377\006\110\006\047\006\055\006\057\000\040\006\110\000\040\006\061\006\110\006\064\000\040\006\050\006\061\006\206\006\063\006\050\040\014\006\257\006\060\006\047\006\061\006\314}{}% 19
\BOOKMARK [1][-]{section.6}{\376\377\006\042\006\105\006\047\006\061\000\040\006\057\006\047\006\057\006\107\000\040\006\050\006\107\000\040\006\052\006\101\006\251\006\314\006\251\000\040\006\050\006\061\006\206\006\063\006\050}{}% 20
\BOOKMARK [2][-]{subsection.6.1}{\376\377\006\052\006\071\006\057\006\047\006\057\000\040\006\052\006\110\006\314\006\314\006\052\000\040\006\107\006\047}{section.6}% 21
\BOOKMARK [2][-]{subsection.6.2}{\376\377\006\052\006\071\006\057\006\047\006\057\000\040\006\054\006\105\006\104\006\047\006\052}{section.6}% 22
\BOOKMARK [2][-]{subsection.6.3}{\376\377\006\052\006\071\006\057\006\047\006\057\000\040\006\251\006\104\006\105\006\047\006\052}{section.6}% 23
\BOOKMARK [2][-]{subsection.6.4}{\376\377\006\052\006\071\006\057\006\047\006\057\000\040\006\251\006\104\006\105\006\047\006\052\000\040\006\105\006\106\006\055\006\065\006\061\006\050\006\101\006\061\006\057}{section.6}% 24
\BOOKMARK [2][-]{subsection.6.5}{\376\377\006\052\006\071\006\057\006\047\006\057\000\040\006\251\006\104\006\105\006\047\006\052\000\040\006\105\006\106\006\055\006\065\006\061\006\050\006\101\006\061\006\057\000\040\006\105\006\064\006\052\006\061\006\251\000\040\006\110\000\040\006\072\006\314\006\061\000\040\006\105\006\064\006\052\006\061\006\251\000\040\006\050\006\314\006\106\000\040\006\050\006\061\006\206\006\063\006\050\040\014\006\107\006\047}{section.6}% 25
\BOOKMARK [2][-]{subsection.6.6}{\376\377\006\361\006\360\000\040\006\251\006\104\006\105\006\107\000\040\006\176\006\061\006\052\006\251\006\061\006\047\006\061\000\040\006\072\006\314\006\061\006\105\006\064\006\052\006\061\006\251\000\040\006\107\006\061\000\040\006\050\006\061\006\206\006\063\006\050}{section.6}% 26
\BOOKMARK [3][-]{subsubsection.6.6.1}{\376\377\006\105\006\053\006\050\006\052}{subsection.6.6}% 27
\BOOKMARK [3][-]{subsubsection.6.6.2}{\376\377\006\105\006\106\006\101\006\314}{subsection.6.6}% 28
\BOOKMARK [3][-]{subsubsection.6.6.3}{\376\377\006\056\006\106\006\053\006\314}{subsection.6.6}% 29
\BOOKMARK [2][-]{subsection.6.7}{\376\377\006\107\006\314\006\063\006\052\006\110\006\257\006\061\006\047\006\105\000\040\006\052\006\071\006\057\006\047\006\057\000\040\006\052\006\251\006\061\006\047\006\061\000\040\006\107\006\061\000\040\006\251\006\104\006\105\006\107\000\040\006\105\006\106\006\055\006\065\006\061\006\050\006\101\006\061\006\057}{section.6}% 30
\BOOKMARK [3][-]{subsubsection.6.7.1}{\376\377\0001\0000\0000\000\040\006\251\006\104\006\105\006\107\000\040\006\050\006\061\006\052\006\061}{subsection.6.7}% 31
\BOOKMARK [3][-]{subsubsection.6.7.2}{\376\377\006\052\006\105\006\047\006\105\000\040\006\251\006\104\006\105\006\047\006\052}{subsection.6.7}% 32
\BOOKMARK [1][-]{section.7}{\376\377\006\042\006\057\006\061\006\063\000\040\006\257\006\314\006\052\000\040\006\107\006\047\006\050\000\040\006\110\000\040\000H\000u\000g\000g\000i\000n\000\040\000F\000a\000c\000e}{}% 33
